<?xml version="1.0" encoding="UTF-8"?>
<!-- Generated by org.testng.reporters.JUnitXMLReporter -->
<testsuite hostname="JOS" name="Acceptance" tests="9" failures="0" timestamp="4 Feb 2015 21:22:00 GMT" time="18.175" errors="0">
  <testcase name="testVerifyNewStageCreated" time="2.072" classname="test.VerifyCreateNewStage"/>
  <testcase name="testVerifyNewStageCreated" time="1.674" classname="test.VerifyCreateNewStage"/>
  <testcase name="testVerifyNewStageCreated" time="1.529" classname="test.VerifyCreateNewStage"/>
  <testcase name="testVerifyNewProgramCreated" time="2.368" classname="test.VerifyCreateNewProgram"/>
  <testcase name="testVerifyNewRegisteredUserCreated" time="2.283" classname="test.VerifyCreateNewRegisteredUser"/>
  <testcase name="testVerifyNewRegisteredUserCreated" time="2.58" classname="test.VerifyCreateNewRegisteredUser"/>
  <testcase name="testVerifyNewRegisteredUserCreated" time="2.849" classname="test.VerifyCreateNewRegisteredUser"/>
  <testcase name="SeeUsers" time="0.629" classname="test.SeeRegisteredUsers"/>
  <testcase name="verifyApplicant" time="1.415" classname="test.SeeApplicants"/>
</testsuite> <!-- Acceptance -->
