<?xml version="1.0" encoding="UTF-8"?>
<!-- Generated by org.testng.reporters.JUnitXMLReporter -->
<testsuite hostname="JOS" name="Acceptance" tests="7" failures="0" timestamp="5 Feb 2015 18:45:37 GMT" time="19.261" errors="0">
  <testcase name="testVerifyNewStageCreated" time="1.772" classname="test.VerifyCreateNewStage"/>
  <testcase name="testVerifyNewStageCreated" time="2.732" classname="test.VerifyCreateNewStage"/>
  <testcase name="testVerifyNewStageCreated" time="2.172" classname="test.VerifyCreateNewStage"/>
  <testcase name="testVerifyNewProgramCreated" time="2.396" classname="test.VerifyCreateNewProgram"/>
  <testcase name="testVerifyNewRegisteredUserCreated" time="3.792" classname="test.VerifyCreateNewRegisteredUser"/>
  <testcase name="testVerifyNewRegisteredUserCreated" time="3.053" classname="test.VerifyCreateNewRegisteredUser"/>
  <testcase name="testVerifyNewRegisteredUserCreated" time="2.584" classname="test.VerifyCreateNewRegisteredUser"/>
</testsuite> <!-- Acceptance -->
