<?xml version="1.0" encoding="UTF-8"?>
<testng-results skipped="0" failed="0" total="7" passed="7">
  <reporter-output>
  </reporter-output>
  <suite name="JagdPantherSuit" duration-ms="19261" started-at="2015-02-05T18:45:17Z" finished-at="2015-02-05T18:45:37Z">
    <groups>
    </groups>
    <test name="Acceptance" duration-ms="19261" started-at="2015-02-05T18:45:17Z" finished-at="2015-02-05T18:45:37Z">
      <class name="test.VerifyCreateNewRegisteredUser">
        <test-method status="PASS" signature="testVerifyNewRegisteredUserCreated(java.lang.String, java.lang.String, java.lang.String, java.lang.String)[pri:0, instance:test.VerifyCreateNewRegisteredUser@210ab13f]" name="testVerifyNewRegisteredUserCreated" duration-ms="3792" started-at="2015-02-05T14:45:27Z" data-provider="Users" finished-at="2015-02-05T14:45:31Z">
          <params>
            <param index="0">
              <value>
                <![CDATA[006]]>
              </value>
            </param>
            <param index="1">
              <value>
                <![CDATA[23]]>
              </value>
            </param>
            <param index="2">
              <value>
                <![CDATA[21]]>
              </value>
            </param>
            <param index="3">
              <value>
                <![CDATA[user1@user.com]]>
              </value>
            </param>
          </params>
          <reporter-output>
          </reporter-output>
        </test-method> <!-- testVerifyNewRegisteredUserCreated -->
        <test-method status="PASS" signature="testVerifyNewRegisteredUserCreated(java.lang.String, java.lang.String, java.lang.String, java.lang.String)[pri:0, instance:test.VerifyCreateNewRegisteredUser@210ab13f]" name="testVerifyNewRegisteredUserCreated" duration-ms="3053" started-at="2015-02-05T14:45:31Z" data-provider="Users" finished-at="2015-02-05T14:45:34Z">
          <params>
            <param index="0">
              <value>
                <![CDATA[004]]>
              </value>
            </param>
            <param index="1">
              <value>
                <![CDATA[24]]>
              </value>
            </param>
            <param index="2">
              <value>
                <![CDATA[21]]>
              </value>
            </param>
            <param index="3">
              <value>
                <![CDATA[user2@user.com]]>
              </value>
            </param>
          </params>
          <reporter-output>
          </reporter-output>
        </test-method> <!-- testVerifyNewRegisteredUserCreated -->
        <test-method status="PASS" signature="testVerifyNewRegisteredUserCreated(java.lang.String, java.lang.String, java.lang.String, java.lang.String)[pri:0, instance:test.VerifyCreateNewRegisteredUser@210ab13f]" name="testVerifyNewRegisteredUserCreated" duration-ms="2584" started-at="2015-02-05T14:45:34Z" data-provider="Users" finished-at="2015-02-05T14:45:37Z">
          <params>
            <param index="0">
              <value>
                <![CDATA[009]]>
              </value>
            </param>
            <param index="1">
              <value>
                <![CDATA[25]]>
              </value>
            </param>
            <param index="2">
              <value>
                <![CDATA[21]]>
              </value>
            </param>
            <param index="3">
              <value>
                <![CDATA[user3@user.com]]>
              </value>
            </param>
          </params>
          <reporter-output>
          </reporter-output>
        </test-method> <!-- testVerifyNewRegisteredUserCreated -->
      </class> <!-- test.VerifyCreateNewRegisteredUser -->
      <class name="test.VerifyCreateNewStage">
        <test-method status="PASS" signature="testVerifyNewStageCreated(java.lang.String, java.lang.String, java.lang.String)[pri:0, instance:test.VerifyCreateNewStage@1be2019a]" name="testVerifyNewStageCreated" duration-ms="1772" started-at="2015-02-05T14:45:18Z" data-provider="Stages" finished-at="2015-02-05T14:45:20Z">
          <params>
            <param index="0">
              <value>
                <![CDATA[name]]>
              </value>
            </param>
            <param index="1">
              <value>
                <![CDATA[tittle]]>
              </value>
            </param>
            <param index="2">
              <value>
                <![CDATA[description]]>
              </value>
            </param>
          </params>
          <reporter-output>
          </reporter-output>
        </test-method> <!-- testVerifyNewStageCreated -->
        <test-method status="PASS" signature="testVerifyNewStageCreated(java.lang.String, java.lang.String, java.lang.String)[pri:0, instance:test.VerifyCreateNewStage@1be2019a]" name="testVerifyNewStageCreated" duration-ms="2732" started-at="2015-02-05T14:45:20Z" data-provider="Stages" finished-at="2015-02-05T14:45:23Z">
          <params>
            <param index="0">
              <value>
                <![CDATA[sdgdfhrteh]]>
              </value>
            </param>
            <param index="1">
              <value>
                <![CDATA[fdgdfs]]>
              </value>
            </param>
            <param index="2">
              <value>
                <![CDATA[fdgdsfdf]]>
              </value>
            </param>
          </params>
          <reporter-output>
          </reporter-output>
        </test-method> <!-- testVerifyNewStageCreated -->
        <test-method status="PASS" signature="testVerifyNewStageCreated(java.lang.String, java.lang.String, java.lang.String)[pri:0, instance:test.VerifyCreateNewStage@1be2019a]" name="testVerifyNewStageCreated" duration-ms="2172" started-at="2015-02-05T14:45:23Z" data-provider="Stages" finished-at="2015-02-05T14:45:25Z">
          <params>
            <param index="0">
              <value>
                <![CDATA[fdsfdsagdf]]>
              </value>
            </param>
            <param index="1">
              <value>
                <![CDATA[fsdfds]]>
              </value>
            </param>
            <param index="2">
              <value>
                <![CDATA[sdgffdgdfs]]>
              </value>
            </param>
          </params>
          <reporter-output>
          </reporter-output>
        </test-method> <!-- testVerifyNewStageCreated -->
      </class> <!-- test.VerifyCreateNewStage -->
      <class name="test.VerifyCreateNewProgram">
        <test-method status="PASS" signature="testVerifyNewProgramCreated()[pri:0, instance:test.VerifyCreateNewProgram@6f15d60e]" name="testVerifyNewProgramCreated" duration-ms="2396" started-at="2015-02-05T14:45:25Z" finished-at="2015-02-05T14:45:27Z">
          <reporter-output>
          </reporter-output>
        </test-method> <!-- testVerifyNewProgramCreated -->
      </class> <!-- test.VerifyCreateNewProgram -->
      <class name="test.JagdPantherSuite">
        <test-method status="PASS" signature="init()[pri:0, instance:test.JagdPantherSuite@782859e]" name="init" is-config="true" duration-ms="2025" started-at="2015-02-05T14:45:15Z" finished-at="2015-02-05T14:45:17Z">
          <reporter-output>
          </reporter-output>
        </test-method> <!-- init -->
        <test-method status="PASS" signature="quit()[pri:0, instance:test.JagdPantherSuite@782859e]" name="quit" is-config="true" duration-ms="1728" started-at="2015-02-05T14:45:37Z" finished-at="2015-02-05T14:45:38Z">
          <reporter-output>
          </reporter-output>
        </test-method> <!-- quit -->
      </class> <!-- test.JagdPantherSuite -->
    </test> <!-- Acceptance -->
  </suite> <!-- JagdPantherSuit -->
</testng-results>
