<?xml version="1.0" encoding="UTF-8"?>
<testng-results skipped="0" failed="0" total="9" passed="9">
  <reporter-output>
  </reporter-output>
  <suite name="JagdPantherSuit" duration-ms="18175" started-at="2015-02-04T21:21:41Z" finished-at="2015-02-04T21:22:00Z">
    <groups>
    </groups>
    <test name="Acceptance" duration-ms="18175" started-at="2015-02-04T21:21:41Z" finished-at="2015-02-04T21:22:00Z">
      <class name="test.VerifyCreateNewRegisteredUser">
        <test-method status="PASS" signature="testVerifyNewRegisteredUserCreated(java.lang.String, java.lang.String, java.lang.String, java.lang.String)[pri:0, instance:test.VerifyCreateNewRegisteredUser@6f15d60e]" name="testVerifyNewRegisteredUserCreated" duration-ms="2283" started-at="2015-02-04T17:21:50Z" data-provider="Users" finished-at="2015-02-04T17:21:52Z">
          <params>
            <param index="0">
              <value>
                <![CDATA[006]]>
              </value>
            </param>
            <param index="1">
              <value>
                <![CDATA[23]]>
              </value>
            </param>
            <param index="2">
              <value>
                <![CDATA[21]]>
              </value>
            </param>
            <param index="3">
              <value>
                <![CDATA[user1@user.com]]>
              </value>
            </param>
          </params>
          <reporter-output>
          </reporter-output>
        </test-method> <!-- testVerifyNewRegisteredUserCreated -->
        <test-method status="PASS" signature="testVerifyNewRegisteredUserCreated(java.lang.String, java.lang.String, java.lang.String, java.lang.String)[pri:0, instance:test.VerifyCreateNewRegisteredUser@6f15d60e]" name="testVerifyNewRegisteredUserCreated" duration-ms="2580" started-at="2015-02-04T17:21:52Z" data-provider="Users" finished-at="2015-02-04T17:21:55Z">
          <params>
            <param index="0">
              <value>
                <![CDATA[004]]>
              </value>
            </param>
            <param index="1">
              <value>
                <![CDATA[24]]>
              </value>
            </param>
            <param index="2">
              <value>
                <![CDATA[21]]>
              </value>
            </param>
            <param index="3">
              <value>
                <![CDATA[user2@user.com]]>
              </value>
            </param>
          </params>
          <reporter-output>
          </reporter-output>
        </test-method> <!-- testVerifyNewRegisteredUserCreated -->
        <test-method status="PASS" signature="testVerifyNewRegisteredUserCreated(java.lang.String, java.lang.String, java.lang.String, java.lang.String)[pri:0, instance:test.VerifyCreateNewRegisteredUser@6f15d60e]" name="testVerifyNewRegisteredUserCreated" duration-ms="2849" started-at="2015-02-04T17:21:55Z" data-provider="Users" finished-at="2015-02-04T17:21:58Z">
          <params>
            <param index="0">
              <value>
                <![CDATA[009]]>
              </value>
            </param>
            <param index="1">
              <value>
                <![CDATA[25]]>
              </value>
            </param>
            <param index="2">
              <value>
                <![CDATA[21]]>
              </value>
            </param>
            <param index="3">
              <value>
                <![CDATA[user3@user.com]]>
              </value>
            </param>
          </params>
          <reporter-output>
          </reporter-output>
        </test-method> <!-- testVerifyNewRegisteredUserCreated -->
      </class> <!-- test.VerifyCreateNewRegisteredUser -->
      <class name="test.VerifyCreateNewStage">
        <test-method status="PASS" signature="testVerifyNewStageCreated(java.lang.String, java.lang.String, java.lang.String)[pri:0, instance:test.VerifyCreateNewStage@446a1e84]" name="testVerifyNewStageCreated" duration-ms="2072" started-at="2015-02-04T17:21:42Z" data-provider="Stages" finished-at="2015-02-04T17:21:44Z">
          <params>
            <param index="0">
              <value>
                <![CDATA[name]]>
              </value>
            </param>
            <param index="1">
              <value>
                <![CDATA[tittle]]>
              </value>
            </param>
            <param index="2">
              <value>
                <![CDATA[description]]>
              </value>
            </param>
          </params>
          <reporter-output>
          </reporter-output>
        </test-method> <!-- testVerifyNewStageCreated -->
        <test-method status="PASS" signature="testVerifyNewStageCreated(java.lang.String, java.lang.String, java.lang.String)[pri:0, instance:test.VerifyCreateNewStage@446a1e84]" name="testVerifyNewStageCreated" duration-ms="1674" started-at="2015-02-04T17:21:44Z" data-provider="Stages" finished-at="2015-02-04T17:21:46Z">
          <params>
            <param index="0">
              <value>
                <![CDATA[sdgdfhrteh]]>
              </value>
            </param>
            <param index="1">
              <value>
                <![CDATA[fdgdfs]]>
              </value>
            </param>
            <param index="2">
              <value>
                <![CDATA[fdgdsfdf]]>
              </value>
            </param>
          </params>
          <reporter-output>
          </reporter-output>
        </test-method> <!-- testVerifyNewStageCreated -->
        <test-method status="PASS" signature="testVerifyNewStageCreated(java.lang.String, java.lang.String, java.lang.String)[pri:0, instance:test.VerifyCreateNewStage@446a1e84]" name="testVerifyNewStageCreated" duration-ms="1529" started-at="2015-02-04T17:21:46Z" data-provider="Stages" finished-at="2015-02-04T17:21:47Z">
          <params>
            <param index="0">
              <value>
                <![CDATA[fdsfdsagdf]]>
              </value>
            </param>
            <param index="1">
              <value>
                <![CDATA[fsdfds]]>
              </value>
            </param>
            <param index="2">
              <value>
                <![CDATA[sdgffdgdfs]]>
              </value>
            </param>
          </params>
          <reporter-output>
          </reporter-output>
        </test-method> <!-- testVerifyNewStageCreated -->
      </class> <!-- test.VerifyCreateNewStage -->
      <class name="test.VerifyCreateNewProgram">
        <test-method status="PASS" signature="testVerifyNewProgramCreated()[pri:0, instance:test.VerifyCreateNewProgram@1be2019a]" name="testVerifyNewProgramCreated" duration-ms="2368" started-at="2015-02-04T17:21:47Z" finished-at="2015-02-04T17:21:50Z">
          <reporter-output>
          </reporter-output>
        </test-method> <!-- testVerifyNewProgramCreated -->
      </class> <!-- test.VerifyCreateNewProgram -->
      <class name="test.SeeApplicants">
        <test-method status="PASS" signature="verifyApplicant()[pri:0, instance:test.SeeApplicants@4f0f2942]" name="verifyApplicant" duration-ms="1415" started-at="2015-02-04T17:21:58Z" finished-at="2015-02-04T17:22:00Z">
          <reporter-output>
          </reporter-output>
        </test-method> <!-- verifyApplicant -->
      </class> <!-- test.SeeApplicants -->
      <class name="test.SeeRegisteredUsers">
        <test-method status="PASS" signature="SeeUsers()[pri:0, instance:test.SeeRegisteredUsers@29d80d2b]" name="SeeUsers" duration-ms="629" started-at="2015-02-04T17:21:58Z" finished-at="2015-02-04T17:21:58Z">
          <reporter-output>
          </reporter-output>
        </test-method> <!-- SeeUsers -->
      </class> <!-- test.SeeRegisteredUsers -->
      <class name="test.JagdPantherSuite">
        <test-method status="PASS" signature="init()[pri:0, instance:test.JagdPantherSuite@34bde49d]" name="init" is-config="true" duration-ms="2095" started-at="2015-02-04T17:21:39Z" finished-at="2015-02-04T17:21:41Z">
          <reporter-output>
          </reporter-output>
        </test-method> <!-- init -->
        <test-method status="PASS" signature="quit()[pri:0, instance:test.JagdPantherSuite@34bde49d]" name="quit" is-config="true" duration-ms="1352" started-at="2015-02-04T17:22:00Z" finished-at="2015-02-04T17:22:01Z">
          <reporter-output>
          </reporter-output>
        </test-method> <!-- quit -->
      </class> <!-- test.JagdPantherSuite -->
    </test> <!-- Acceptance -->
  </suite> <!-- JagdPantherSuit -->
</testng-results>
